<?xml version="1.0" encoding="UTF-8"?>
<testng-results ignored="0" total="1" passed="1" failed="0" skipped="0">
  <reporter-output>
  </reporter-output>
  <suite started-at="2021-08-12T17:52:56 IST" name="Default suite" finished-at="2021-08-12T17:53:28 IST" duration-ms="31972">
    <groups>
      <group name="cucumber">
        <method signature="AbstractTestNGCucumberTests.runScenario(io.cucumber.testng.PickleWrapper, io.cucumber.testng.FeatureWrapper)[pri:0, instance:runners.CRMRunner@34b7ac2f]" name="runScenario" class="io.cucumber.testng.AbstractTestNGCucumberTests"/>
      </group> <!-- cucumber -->
    </groups>
    <test started-at="2021-08-12T17:52:56 IST" name="Default test" finished-at="2021-08-12T17:53:28 IST" duration-ms="31972">
      <class name="runners.CRMRunner">
        <test-method is-config="true" signature="setUpClass()[pri:0, instance:runners.CRMRunner@34b7ac2f]" started-at="2021-08-12T17:52:57 IST" name="setUpClass" finished-at="2021-08-12T17:52:58 IST" duration-ms="1139" status="PASS">
          <reporter-output>
          </reporter-output>
        </test-method> <!-- setUpClass -->
        <test-method signature="runScenario(io.cucumber.testng.PickleWrapper, io.cucumber.testng.FeatureWrapper)[pri:0, instance:runners.CRMRunner@34b7ac2f]" started-at="2021-08-12T17:52:58 IST" name="runScenario" description="Runs Cucumber Scenarios" data-provider="scenarios" finished-at="2021-08-12T17:53:25 IST" duration-ms="27402" status="PASS">
          <params>
            <param index="0">
              <value>
                <![CDATA["Free CRM Login test scenario"]]>
              </value>
            </param>
            <param index="1">
              <value>
                <![CDATA["Optional[Free CRM Login]"]]>
              </value>
            </param>
          </params>
          <reporter-output>
          </reporter-output>
        </test-method> <!-- runScenario -->
        <test-method is-config="true" signature="tearDownClass()[pri:0, instance:runners.CRMRunner@34b7ac2f]" started-at="2021-08-12T17:53:25 IST" name="tearDownClass" finished-at="2021-08-12T17:53:28 IST" duration-ms="3336" status="PASS">
          <reporter-output>
          </reporter-output>
        </test-method> <!-- tearDownClass -->
      </class> <!-- runners.CRMRunner -->
    </test> <!-- Default test -->
  </suite> <!-- Default suite -->
</testng-results>
